Determining if the pthread_create exist failed with the following output:
Change Dir: /home/bcsh/robot_ws/build/CMakeFiles/CMakeTmp

Run Build Command:"/usr/bin/make" "cmTC_ed021/fast"
/usr/bin/make -f CMakeFiles/cmTC_ed021.dir/build.make CMakeFiles/cmTC_ed021.dir/build
make[1]: Entering directory '/home/bcsh/robot_ws/build/CMakeFiles/CMakeTmp'
Building C object CMakeFiles/cmTC_ed021.dir/CheckSymbolExists.c.o
/usr/bin/cc    -o CMakeFiles/cmTC_ed021.dir/CheckSymbolExists.c.o   -c /home/bcsh/robot_ws/build/CMakeFiles/CMakeTmp/CheckSymbolExists.c
Linking C executable cmTC_ed021
/usr/bin/cmake -E cmake_link_script CMakeFiles/cmTC_ed021.dir/link.txt --verbose=1
/usr/bin/cc      -rdynamic CMakeFiles/cmTC_ed021.dir/CheckSymbolExists.c.o  -o cmTC_ed021 
CMakeFiles/cmTC_ed021.dir/CheckSymbolExists.c.o: In function `main':
CheckSymbolExists.c:(.text+0x14): undefined reference to `pthread_create'
CheckSymbolExists.c:(.text+0x18): undefined reference to `pthread_create'
collect2: error: ld returned 1 exit status
CMakeFiles/cmTC_ed021.dir/build.make:97: recipe for target 'cmTC_ed021' failed
make[1]: *** [cmTC_ed021] Error 1
make[1]: Leaving directory '/home/bcsh/robot_ws/build/CMakeFiles/CMakeTmp'
Makefile:126: recipe for target 'cmTC_ed021/fast' failed
make: *** [cmTC_ed021/fast] Error 2

File /home/bcsh/robot_ws/build/CMakeFiles/CMakeTmp/CheckSymbolExists.c:
/* */
#include <pthread.h>

int main(int argc, char** argv)
{
  (void)argv;
#ifndef pthread_create
  return ((int*)(&pthread_create))[argc];
#else
  (void)argc;
  return 0;
#endif
}

Determining if the function pthread_create exists in the pthreads failed with the following output:
Change Dir: /home/bcsh/robot_ws/build/CMakeFiles/CMakeTmp

Run Build Command:"/usr/bin/make" "cmTC_42ecb/fast"
/usr/bin/make -f CMakeFiles/cmTC_42ecb.dir/build.make CMakeFiles/cmTC_42ecb.dir/build
make[1]: Entering directory '/home/bcsh/robot_ws/build/CMakeFiles/CMakeTmp'
Building C object CMakeFiles/cmTC_42ecb.dir/CheckFunctionExists.c.o
/usr/bin/cc   -DCHECK_FUNCTION_EXISTS=pthread_create   -o CMakeFiles/cmTC_42ecb.dir/CheckFunctionExists.c.o   -c /usr/share/cmake-3.10/Modules/CheckFunctionExists.c
Linking C executable cmTC_42ecb
/usr/bin/cmake -E cmake_link_script CMakeFiles/cmTC_42ecb.dir/link.txt --verbose=1
/usr/bin/cc  -DCHECK_FUNCTION_EXISTS=pthread_create    -rdynamic CMakeFiles/cmTC_42ecb.dir/CheckFunctionExists.c.o  -o cmTC_42ecb -lpthreads 
/usr/bin/ld: cannot find -lpthreads
collect2: error: ld returned 1 exit status
CMakeFiles/cmTC_42ecb.dir/build.make:97: recipe for target 'cmTC_42ecb' failed
make[1]: *** [cmTC_42ecb] Error 1
make[1]: Leaving directory '/home/bcsh/robot_ws/build/CMakeFiles/CMakeTmp'
Makefile:126: recipe for target 'cmTC_42ecb/fast' failed
make: *** [cmTC_42ecb/fast] Error 2


